<?xml version="1.0" encoding="UTF-8"?>
<testsuite name="com.project01.GameSyncTest" tests="2" skipped="0" failures="0" errors="0" timestamp="2026-02-06T20:36:06.434Z" hostname="JurgenArndt-KP9NWJPFXL" time="0.014">
  <properties/>
  <testcase name="events from network manager are exposed" classname="com.project01.GameSyncTest" time="0.013"/>
  <testcase name="broadcast sends data to network manager" classname="com.project01.GameSyncTest" time="0.001"/>
  <system-out><![CDATA[]]></system-out>
  <system-err><![CDATA[]]></system-err>
</testsuite>
